INFO: [VRFC 10-163] Analyzing VHDL file "E:/Users/colucci/Desktop/briscola/briscola.sim/sim_1/impl/func/test_everything_func_impl.vhd" into library briscola
INFO: [VRFC 10-307] analyzing entity PRNG
INFO: [VRFC 10-307] analyzing entity Player
INFO: [VRFC 10-307] analyzing entity clk_wiz_2_clk_wiz_2_clk_wiz
INFO: [VRFC 10-307] analyzing entity vga_drawer
INFO: [VRFC 10-307] analyzing entity vgasync
INFO: [VRFC 10-307] analyzing entity blk_mem_gen_0_blk_mem_gen_mux
INFO: [VRFC 10-307] analyzing entity blk_mem_gen_0_blk_mem_gen_prim_wrapper_init
INFO: [VRFC 10-307] analyzing entity \blk_mem_gen_0_blk_mem_gen_prim_wrapper_init__parameterized0\
INFO: [VRFC 10-307] analyzing entity \blk_mem_gen_0_blk_mem_gen_prim_wrapper_init__parameterized1\
INFO: [VRFC 10-307] analyzing entity \blk_mem_gen_0_blk_mem_gen_prim_wrapper_init__parameterized10\
INFO: [VRFC 10-307] analyzing entity \blk_mem_gen_0_blk_mem_gen_prim_wrapper_init__parameterized11\
INFO: [VRFC 10-307] analyzing entity \blk_mem_gen_0_blk_mem_gen_prim_wrapper_init__parameterized12\
INFO: [VRFC 10-307] analyzing entity \blk_mem_gen_0_blk_mem_gen_prim_wrapper_init__parameterized13\
INFO: [VRFC 10-307] analyzing entity \blk_mem_gen_0_blk_mem_gen_prim_wrapper_init__parameterized14\
INFO: [VRFC 10-307] analyzing entity \blk_mem_gen_0_blk_mem_gen_prim_wrapper_init__parameterized15\
INFO: [VRFC 10-307] analyzing entity \blk_mem_gen_0_blk_mem_gen_prim_wrapper_init__parameterized16\
INFO: [VRFC 10-307] analyzing entity \blk_mem_gen_0_blk_mem_gen_prim_wrapper_init__parameterized17\
INFO: [VRFC 10-307] analyzing entity \blk_mem_gen_0_blk_mem_gen_prim_wrapper_init__parameterized18\
INFO: [VRFC 10-307] analyzing entity \blk_mem_gen_0_blk_mem_gen_prim_wrapper_init__parameterized19\
INFO: [VRFC 10-307] analyzing entity \blk_mem_gen_0_blk_mem_gen_prim_wrapper_init__parameterized2\
INFO: [VRFC 10-307] analyzing entity \blk_mem_gen_0_blk_mem_gen_prim_wrapper_init__parameterized20\
INFO: [VRFC 10-307] analyzing entity \blk_mem_gen_0_blk_mem_gen_prim_wrapper_init__parameterized21\
INFO: [VRFC 10-307] analyzing entity \blk_mem_gen_0_blk_mem_gen_prim_wrapper_init__parameterized22\
INFO: [VRFC 10-307] analyzing entity \blk_mem_gen_0_blk_mem_gen_prim_wrapper_init__parameterized23\
INFO: [VRFC 10-307] analyzing entity \blk_mem_gen_0_blk_mem_gen_prim_wrapper_init__parameterized24\
INFO: [VRFC 10-307] analyzing entity \blk_mem_gen_0_blk_mem_gen_prim_wrapper_init__parameterized25\
INFO: [VRFC 10-307] analyzing entity \blk_mem_gen_0_blk_mem_gen_prim_wrapper_init__parameterized26\
INFO: [VRFC 10-307] analyzing entity \blk_mem_gen_0_blk_mem_gen_prim_wrapper_init__parameterized27\
INFO: [VRFC 10-307] analyzing entity \blk_mem_gen_0_blk_mem_gen_prim_wrapper_init__parameterized28\
INFO: [VRFC 10-307] analyzing entity \blk_mem_gen_0_blk_mem_gen_prim_wrapper_init__parameterized29\
INFO: [VRFC 10-307] analyzing entity \blk_mem_gen_0_blk_mem_gen_prim_wrapper_init__parameterized3\
INFO: [VRFC 10-307] analyzing entity \blk_mem_gen_0_blk_mem_gen_prim_wrapper_init__parameterized30\
INFO: [VRFC 10-307] analyzing entity \blk_mem_gen_0_blk_mem_gen_prim_wrapper_init__parameterized31\
INFO: [VRFC 10-307] analyzing entity \blk_mem_gen_0_blk_mem_gen_prim_wrapper_init__parameterized32\
INFO: [VRFC 10-307] analyzing entity \blk_mem_gen_0_blk_mem_gen_prim_wrapper_init__parameterized33\
INFO: [VRFC 10-307] analyzing entity \blk_mem_gen_0_blk_mem_gen_prim_wrapper_init__parameterized34\
INFO: [VRFC 10-307] analyzing entity \blk_mem_gen_0_blk_mem_gen_prim_wrapper_init__parameterized35\
INFO: [VRFC 10-307] analyzing entity \blk_mem_gen_0_blk_mem_gen_prim_wrapper_init__parameterized36\
INFO: [VRFC 10-307] analyzing entity \blk_mem_gen_0_blk_mem_gen_prim_wrapper_init__parameterized37\
INFO: [VRFC 10-307] analyzing entity \blk_mem_gen_0_blk_mem_gen_prim_wrapper_init__parameterized38\
INFO: [VRFC 10-307] analyzing entity \blk_mem_gen_0_blk_mem_gen_prim_wrapper_init__parameterized39\
INFO: [VRFC 10-307] analyzing entity \blk_mem_gen_0_blk_mem_gen_prim_wrapper_init__parameterized4\
INFO: [VRFC 10-307] analyzing entity \blk_mem_gen_0_blk_mem_gen_prim_wrapper_init__parameterized40\
INFO: [VRFC 10-307] analyzing entity \blk_mem_gen_0_blk_mem_gen_prim_wrapper_init__parameterized41\
INFO: [VRFC 10-307] analyzing entity \blk_mem_gen_0_blk_mem_gen_prim_wrapper_init__parameterized42\
INFO: [VRFC 10-307] analyzing entity \blk_mem_gen_0_blk_mem_gen_prim_wrapper_init__parameterized43\
INFO: [VRFC 10-307] analyzing entity \blk_mem_gen_0_blk_mem_gen_prim_wrapper_init__parameterized44\
INFO: [VRFC 10-307] analyzing entity \blk_mem_gen_0_blk_mem_gen_prim_wrapper_init__parameterized45\
INFO: [VRFC 10-307] analyzing entity \blk_mem_gen_0_blk_mem_gen_prim_wrapper_init__parameterized46\
INFO: [VRFC 10-307] analyzing entity \blk_mem_gen_0_blk_mem_gen_prim_wrapper_init__parameterized47\
INFO: [VRFC 10-307] analyzing entity \blk_mem_gen_0_blk_mem_gen_prim_wrapper_init__parameterized48\
INFO: [VRFC 10-307] analyzing entity \blk_mem_gen_0_blk_mem_gen_prim_wrapper_init__parameterized49\
INFO: [VRFC 10-307] analyzing entity \blk_mem_gen_0_blk_mem_gen_prim_wrapper_init__parameterized5\
INFO: [VRFC 10-307] analyzing entity \blk_mem_gen_0_blk_mem_gen_prim_wrapper_init__parameterized50\
INFO: [VRFC 10-307] analyzing entity \blk_mem_gen_0_blk_mem_gen_prim_wrapper_init__parameterized51\
INFO: [VRFC 10-307] analyzing entity \blk_mem_gen_0_blk_mem_gen_prim_wrapper_init__parameterized52\
INFO: [VRFC 10-307] analyzing entity \blk_mem_gen_0_blk_mem_gen_prim_wrapper_init__parameterized53\
INFO: [VRFC 10-307] analyzing entity \blk_mem_gen_0_blk_mem_gen_prim_wrapper_init__parameterized54\
INFO: [VRFC 10-307] analyzing entity \blk_mem_gen_0_blk_mem_gen_prim_wrapper_init__parameterized55\
INFO: [VRFC 10-307] analyzing entity \blk_mem_gen_0_blk_mem_gen_prim_wrapper_init__parameterized56\
INFO: [VRFC 10-307] analyzing entity \blk_mem_gen_0_blk_mem_gen_prim_wrapper_init__parameterized57\
INFO: [VRFC 10-307] analyzing entity \blk_mem_gen_0_blk_mem_gen_prim_wrapper_init__parameterized58\
INFO: [VRFC 10-307] analyzing entity \blk_mem_gen_0_blk_mem_gen_prim_wrapper_init__parameterized59\
INFO: [VRFC 10-307] analyzing entity \blk_mem_gen_0_blk_mem_gen_prim_wrapper_init__parameterized6\
INFO: [VRFC 10-307] analyzing entity \blk_mem_gen_0_blk_mem_gen_prim_wrapper_init__parameterized60\
INFO: [VRFC 10-307] analyzing entity \blk_mem_gen_0_blk_mem_gen_prim_wrapper_init__parameterized61\
INFO: [VRFC 10-307] analyzing entity \blk_mem_gen_0_blk_mem_gen_prim_wrapper_init__parameterized62\
INFO: [VRFC 10-307] analyzing entity \blk_mem_gen_0_blk_mem_gen_prim_wrapper_init__parameterized63\
INFO: [VRFC 10-307] analyzing entity \blk_mem_gen_0_blk_mem_gen_prim_wrapper_init__parameterized64\
INFO: [VRFC 10-307] analyzing entity \blk_mem_gen_0_blk_mem_gen_prim_wrapper_init__parameterized65\
INFO: [VRFC 10-307] analyzing entity \blk_mem_gen_0_blk_mem_gen_prim_wrapper_init__parameterized66\
INFO: [VRFC 10-307] analyzing entity \blk_mem_gen_0_blk_mem_gen_prim_wrapper_init__parameterized67\
INFO: [VRFC 10-307] analyzing entity \blk_mem_gen_0_blk_mem_gen_prim_wrapper_init__parameterized68\
INFO: [VRFC 10-307] analyzing entity \blk_mem_gen_0_blk_mem_gen_prim_wrapper_init__parameterized69\
INFO: [VRFC 10-307] analyzing entity \blk_mem_gen_0_blk_mem_gen_prim_wrapper_init__parameterized7\
INFO: [VRFC 10-307] analyzing entity \blk_mem_gen_0_blk_mem_gen_prim_wrapper_init__parameterized70\
INFO: [VRFC 10-307] analyzing entity \blk_mem_gen_0_blk_mem_gen_prim_wrapper_init__parameterized71\
INFO: [VRFC 10-307] analyzing entity \blk_mem_gen_0_blk_mem_gen_prim_wrapper_init__parameterized72\
INFO: [VRFC 10-307] analyzing entity \blk_mem_gen_0_blk_mem_gen_prim_wrapper_init__parameterized73\
INFO: [VRFC 10-307] analyzing entity \blk_mem_gen_0_blk_mem_gen_prim_wrapper_init__parameterized74\
INFO: [VRFC 10-307] analyzing entity \blk_mem_gen_0_blk_mem_gen_prim_wrapper_init__parameterized75\
INFO: [VRFC 10-307] analyzing entity \blk_mem_gen_0_blk_mem_gen_prim_wrapper_init__parameterized8\
INFO: [VRFC 10-307] analyzing entity \blk_mem_gen_0_blk_mem_gen_prim_wrapper_init__parameterized9\
INFO: [VRFC 10-307] analyzing entity clk_wiz_2
INFO: [VRFC 10-307] analyzing entity Server
INFO: [VRFC 10-307] analyzing entity blk_mem_gen_0_blk_mem_gen_prim_width
INFO: [VRFC 10-307] analyzing entity \blk_mem_gen_0_blk_mem_gen_prim_width__parameterized0\
INFO: [VRFC 10-307] analyzing entity \blk_mem_gen_0_blk_mem_gen_prim_width__parameterized1\
INFO: [VRFC 10-307] analyzing entity \blk_mem_gen_0_blk_mem_gen_prim_width__parameterized10\
INFO: [VRFC 10-307] analyzing entity \blk_mem_gen_0_blk_mem_gen_prim_width__parameterized11\
INFO: [VRFC 10-307] analyzing entity \blk_mem_gen_0_blk_mem_gen_prim_width__parameterized12\
INFO: [VRFC 10-307] analyzing entity \blk_mem_gen_0_blk_mem_gen_prim_width__parameterized13\
INFO: [VRFC 10-307] analyzing entity \blk_mem_gen_0_blk_mem_gen_prim_width__parameterized14\
INFO: [VRFC 10-307] analyzing entity \blk_mem_gen_0_blk_mem_gen_prim_width__parameterized15\
INFO: [VRFC 10-307] analyzing entity \blk_mem_gen_0_blk_mem_gen_prim_width__parameterized16\
INFO: [VRFC 10-307] analyzing entity \blk_mem_gen_0_blk_mem_gen_prim_width__parameterized17\
INFO: [VRFC 10-307] analyzing entity \blk_mem_gen_0_blk_mem_gen_prim_width__parameterized18\
INFO: [VRFC 10-307] analyzing entity \blk_mem_gen_0_blk_mem_gen_prim_width__parameterized19\
INFO: [VRFC 10-307] analyzing entity \blk_mem_gen_0_blk_mem_gen_prim_width__parameterized2\
INFO: [VRFC 10-307] analyzing entity \blk_mem_gen_0_blk_mem_gen_prim_width__parameterized20\
INFO: [VRFC 10-307] analyzing entity \blk_mem_gen_0_blk_mem_gen_prim_width__parameterized21\
INFO: [VRFC 10-307] analyzing entity \blk_mem_gen_0_blk_mem_gen_prim_width__parameterized22\
INFO: [VRFC 10-307] analyzing entity \blk_mem_gen_0_blk_mem_gen_prim_width__parameterized23\
INFO: [VRFC 10-307] analyzing entity \blk_mem_gen_0_blk_mem_gen_prim_width__parameterized24\
INFO: [VRFC 10-307] analyzing entity \blk_mem_gen_0_blk_mem_gen_prim_width__parameterized25\
INFO: [VRFC 10-307] analyzing entity \blk_mem_gen_0_blk_mem_gen_prim_width__parameterized26\
INFO: [VRFC 10-307] analyzing entity \blk_mem_gen_0_blk_mem_gen_prim_width__parameterized27\
INFO: [VRFC 10-307] analyzing entity \blk_mem_gen_0_blk_mem_gen_prim_width__parameterized28\
INFO: [VRFC 10-307] analyzing entity \blk_mem_gen_0_blk_mem_gen_prim_width__parameterized29\
INFO: [VRFC 10-307] analyzing entity \blk_mem_gen_0_blk_mem_gen_prim_width__parameterized3\
INFO: [VRFC 10-307] analyzing entity \blk_mem_gen_0_blk_mem_gen_prim_width__parameterized30\
INFO: [VRFC 10-307] analyzing entity \blk_mem_gen_0_blk_mem_gen_prim_width__parameterized31\
INFO: [VRFC 10-307] analyzing entity \blk_mem_gen_0_blk_mem_gen_prim_width__parameterized32\
INFO: [VRFC 10-307] analyzing entity \blk_mem_gen_0_blk_mem_gen_prim_width__parameterized33\
INFO: [VRFC 10-307] analyzing entity \blk_mem_gen_0_blk_mem_gen_prim_width__parameterized34\
INFO: [VRFC 10-307] analyzing entity \blk_mem_gen_0_blk_mem_gen_prim_width__parameterized35\
INFO: [VRFC 10-307] analyzing entity \blk_mem_gen_0_blk_mem_gen_prim_width__parameterized36\
INFO: [VRFC 10-307] analyzing entity \blk_mem_gen_0_blk_mem_gen_prim_width__parameterized37\
INFO: [VRFC 10-307] analyzing entity \blk_mem_gen_0_blk_mem_gen_prim_width__parameterized38\
INFO: [VRFC 10-307] analyzing entity \blk_mem_gen_0_blk_mem_gen_prim_width__parameterized39\
INFO: [VRFC 10-307] analyzing entity \blk_mem_gen_0_blk_mem_gen_prim_width__parameterized4\
INFO: [VRFC 10-307] analyzing entity \blk_mem_gen_0_blk_mem_gen_prim_width__parameterized40\
INFO: [VRFC 10-307] analyzing entity \blk_mem_gen_0_blk_mem_gen_prim_width__parameterized41\
INFO: [VRFC 10-307] analyzing entity \blk_mem_gen_0_blk_mem_gen_prim_width__parameterized42\
INFO: [VRFC 10-307] analyzing entity \blk_mem_gen_0_blk_mem_gen_prim_width__parameterized43\
INFO: [VRFC 10-307] analyzing entity \blk_mem_gen_0_blk_mem_gen_prim_width__parameterized44\
INFO: [VRFC 10-307] analyzing entity \blk_mem_gen_0_blk_mem_gen_prim_width__parameterized45\
INFO: [VRFC 10-307] analyzing entity \blk_mem_gen_0_blk_mem_gen_prim_width__parameterized46\
INFO: [VRFC 10-307] analyzing entity \blk_mem_gen_0_blk_mem_gen_prim_width__parameterized47\
INFO: [VRFC 10-307] analyzing entity \blk_mem_gen_0_blk_mem_gen_prim_width__parameterized48\
INFO: [VRFC 10-307] analyzing entity \blk_mem_gen_0_blk_mem_gen_prim_width__parameterized49\
INFO: [VRFC 10-307] analyzing entity \blk_mem_gen_0_blk_mem_gen_prim_width__parameterized5\
INFO: [VRFC 10-307] analyzing entity \blk_mem_gen_0_blk_mem_gen_prim_width__parameterized50\
INFO: [VRFC 10-307] analyzing entity \blk_mem_gen_0_blk_mem_gen_prim_width__parameterized51\
INFO: [VRFC 10-307] analyzing entity \blk_mem_gen_0_blk_mem_gen_prim_width__parameterized52\
INFO: [VRFC 10-307] analyzing entity \blk_mem_gen_0_blk_mem_gen_prim_width__parameterized53\
INFO: [VRFC 10-307] analyzing entity \blk_mem_gen_0_blk_mem_gen_prim_width__parameterized54\
INFO: [VRFC 10-307] analyzing entity \blk_mem_gen_0_blk_mem_gen_prim_width__parameterized55\
INFO: [VRFC 10-307] analyzing entity \blk_mem_gen_0_blk_mem_gen_prim_width__parameterized56\
INFO: [VRFC 10-307] analyzing entity \blk_mem_gen_0_blk_mem_gen_prim_width__parameterized57\
INFO: [VRFC 10-307] analyzing entity \blk_mem_gen_0_blk_mem_gen_prim_width__parameterized58\
INFO: [VRFC 10-307] analyzing entity \blk_mem_gen_0_blk_mem_gen_prim_width__parameterized59\
INFO: [VRFC 10-307] analyzing entity \blk_mem_gen_0_blk_mem_gen_prim_width__parameterized6\
INFO: [VRFC 10-307] analyzing entity \blk_mem_gen_0_blk_mem_gen_prim_width__parameterized60\
INFO: [VRFC 10-307] analyzing entity \blk_mem_gen_0_blk_mem_gen_prim_width__parameterized61\
INFO: [VRFC 10-307] analyzing entity \blk_mem_gen_0_blk_mem_gen_prim_width__parameterized62\
INFO: [VRFC 10-307] analyzing entity \blk_mem_gen_0_blk_mem_gen_prim_width__parameterized63\
INFO: [VRFC 10-307] analyzing entity \blk_mem_gen_0_blk_mem_gen_prim_width__parameterized64\
INFO: [VRFC 10-307] analyzing entity \blk_mem_gen_0_blk_mem_gen_prim_width__parameterized65\
INFO: [VRFC 10-307] analyzing entity \blk_mem_gen_0_blk_mem_gen_prim_width__parameterized66\
INFO: [VRFC 10-307] analyzing entity \blk_mem_gen_0_blk_mem_gen_prim_width__parameterized67\
INFO: [VRFC 10-307] analyzing entity \blk_mem_gen_0_blk_mem_gen_prim_width__parameterized68\
INFO: [VRFC 10-307] analyzing entity \blk_mem_gen_0_blk_mem_gen_prim_width__parameterized69\
INFO: [VRFC 10-307] analyzing entity \blk_mem_gen_0_blk_mem_gen_prim_width__parameterized7\
INFO: [VRFC 10-307] analyzing entity \blk_mem_gen_0_blk_mem_gen_prim_width__parameterized70\
INFO: [VRFC 10-307] analyzing entity \blk_mem_gen_0_blk_mem_gen_prim_width__parameterized71\
INFO: [VRFC 10-307] analyzing entity \blk_mem_gen_0_blk_mem_gen_prim_width__parameterized72\
INFO: [VRFC 10-307] analyzing entity \blk_mem_gen_0_blk_mem_gen_prim_width__parameterized73\
INFO: [VRFC 10-307] analyzing entity \blk_mem_gen_0_blk_mem_gen_prim_width__parameterized74\
INFO: [VRFC 10-307] analyzing entity \blk_mem_gen_0_blk_mem_gen_prim_width__parameterized75\
INFO: [VRFC 10-307] analyzing entity \blk_mem_gen_0_blk_mem_gen_prim_width__parameterized8\
INFO: [VRFC 10-307] analyzing entity \blk_mem_gen_0_blk_mem_gen_prim_width__parameterized9\
INFO: [VRFC 10-307] analyzing entity blk_mem_gen_0_blk_mem_gen_generic_cstr
INFO: [VRFC 10-307] analyzing entity blk_mem_gen_0_blk_mem_gen_top
INFO: [VRFC 10-307] analyzing entity blk_mem_gen_0_blk_mem_gen_v8_3_2_synth
INFO: [VRFC 10-307] analyzing entity blk_mem_gen_0_blk_mem_gen_v8_3_2
INFO: [VRFC 10-307] analyzing entity blk_mem_gen_0
INFO: [VRFC 10-307] analyzing entity vga_top
INFO: [VRFC 10-307] analyzing entity Briscola
INFO: [VRFC 10-163] Analyzing VHDL file "E:/Users/colucci/Desktop/briscola/briscola.srcs/sim_1/new/test_server.vhd" into library briscola
ERROR: [VRFC 10-149] 'data' is not compiled in library briscola [E:/Users/colucci/Desktop/briscola/briscola.srcs/sim_1/new/test_server.vhd:5]
INFO: [VRFC 10-307] analyzing entity test_server
ERROR: [VRFC 10-1504] unit test_server ignored due to previous errors [E:/Users/colucci/Desktop/briscola/briscola.srcs/sim_1/new/test_server.vhd:7]
INFO: [VRFC 10-240] VHDL file E:/Users/colucci/Desktop/briscola/briscola.srcs/sim_1/new/test_server.vhd ignored due to errors
